2025-09-18 20:59:11,254 - INFO - data_dir       :	D:/00_Haidar_Zufar_Dokumen/coding/hology/Fuss-Free-structure/datasets/full_data/output
2025-09-18 20:59:11,254 - INFO - dataset        :	custom
2025-09-18 20:59:11,254 - INFO - arch           :	FFNet
2025-09-18 20:59:11,254 - INFO - crop_size      :	256
2025-09-18 20:59:11,254 - INFO - lr             :	1e-05
2025-09-18 20:59:11,254 - INFO - eta_min        :	1e-06
2025-09-18 20:59:11,254 - INFO - weight_decay   :	0.0001
2025-09-18 20:59:11,254 - INFO - batch_size     :	8
2025-09-18 20:59:11,254 - INFO - max_epoch      :	100
2025-09-18 20:59:11,254 - INFO - wot            :	0.1
2025-09-18 20:59:11,254 - INFO - wtv            :	0.01
2025-09-18 20:59:11,254 - INFO - reg            :	10.0
2025-09-18 20:59:11,254 - INFO - num_of_iter_in_ot:	100
2025-09-18 20:59:11,254 - INFO - norm_cood      :	0
2025-09-18 20:59:11,254 - INFO - val_epoch      :	5
2025-09-18 20:59:11,254 - INFO - val_start      :	50
2025-09-18 20:59:11,254 - INFO - num_workers    :	4
2025-09-18 20:59:11,254 - INFO - device         :	0
2025-09-18 20:59:11,254 - INFO - resume         :	
2025-09-18 20:59:11,254 - INFO - run_name       :	custom-crowd-counting
2025-09-18 20:59:11,254 - INFO - wandb          :	0
2025-09-18 20:59:11,254 - INFO - seed           :	42
2025-09-18 20:59:11,269 - INFO - using 1 gpus
2025-09-18 20:59:11,932 - INFO - random initialization
2025-09-18 20:59:11,963 - INFO - -----Epoch 0/100-----
